

Started GET "/" for 127.0.0.1 at 2016-01-21 02:14:47 +1100
Processing by Rails::WelcomeController#index as HTML
  Rendered /home/benjamin/.rvm/gems/ruby-2.2.1/gems/railties-4.2.5/lib/rails/templates/rails/welcome/index.html.erb (1.1ms)
Completed 200 OK in 15ms (Views: 7.8ms | ActiveRecord: 0.0ms)
  [1m[36m (13.7ms)[0m  [1mCREATE TABLE "schema_migrations" ("version" varchar NOT NULL) [0m
  [1m[35m (0.2ms)[0m  select sqlite_version(*)
  [1m[36m (17.1ms)[0m  [1mCREATE UNIQUE INDEX "unique_schema_migrations" ON "schema_migrations" ("version")[0m
  [1m[35mActiveRecord::SchemaMigration Load (0.5ms)[0m  SELECT "schema_migrations".* FROM "schema_migrations"
Migrating to DeviseCreateUsers (20160120151700)
  [1m[36m (0.1ms)[0m  [1mbegin transaction[0m
  [1m[35m (0.6ms)[0m  CREATE TABLE "users" ("id" INTEGER PRIMARY KEY AUTOINCREMENT NOT NULL, "email" varchar DEFAULT '' NOT NULL, "encrypted_password" varchar DEFAULT '' NOT NULL, "reset_password_token" varchar, "reset_password_sent_at" datetime, "remember_created_at" datetime, "sign_in_count" integer DEFAULT 0 NOT NULL, "current_sign_in_at" datetime, "last_sign_in_at" datetime, "current_sign_in_ip" varchar, "last_sign_in_ip" varchar, "created_at" datetime NOT NULL, "updated_at" datetime NOT NULL) 
  [1m[36m (0.3ms)[0m  [1mCREATE UNIQUE INDEX "index_users_on_email" ON "users" ("email")[0m
  [1m[35m (0.1ms)[0m              SELECT sql
            FROM sqlite_master
            WHERE name='index_users_on_email' AND type='index'
            UNION ALL
            SELECT sql
            FROM sqlite_temp_master
            WHERE name='index_users_on_email' AND type='index'

  [1m[36m (0.2ms)[0m  [1mCREATE UNIQUE INDEX "index_users_on_reset_password_token" ON "users" ("reset_password_token")[0m
  [1m[35mSQL (0.2ms)[0m  INSERT INTO "schema_migrations" ("version") VALUES (?)  [["version", "20160120151700"]]
  [1m[36m (17.9ms)[0m  [1mcommit transaction[0m
Migrating to CreateForemForums (20160120151743)
  [1m[35m (0.1ms)[0m  begin transaction
  [1m[36m (0.3ms)[0m  [1mCREATE TABLE "forem_forums" ("id" INTEGER PRIMARY KEY AUTOINCREMENT NOT NULL, "title" varchar, "description" text) [0m
  [1m[35mSQL (0.1ms)[0m  INSERT INTO "schema_migrations" ("version") VALUES (?)  [["version", "20160120151743"]]
  [1m[36m (17.2ms)[0m  [1mcommit transaction[0m
Migrating to CreateForemTopics (20160120151744)
  [1m[35m (0.1ms)[0m  begin transaction
  [1m[36m (0.3ms)[0m  [1mCREATE TABLE "forem_topics" ("id" INTEGER PRIMARY KEY AUTOINCREMENT NOT NULL, "forum_id" integer, "user_id" integer, "subject" varchar, "created_at" datetime, "updated_at" datetime) [0m
  [1m[35mSQL (0.1ms)[0m  INSERT INTO "schema_migrations" ("version") VALUES (?)  [["version", "20160120151744"]]
  [1m[36m (11.1ms)[0m  [1mcommit transaction[0m
Migrating to CreateForemPosts (20160120151745)
  [1m[35m (0.1ms)[0m  begin transaction
  [1m[36m (0.3ms)[0m  [1mCREATE TABLE "forem_posts" ("id" INTEGER PRIMARY KEY AUTOINCREMENT NOT NULL, "topic_id" integer, "text" text, "user_id" integer, "created_at" datetime, "updated_at" datetime) [0m
  [1m[35mSQL (0.1ms)[0m  INSERT INTO "schema_migrations" ("version") VALUES (?)  [["version", "20160120151745"]]
  [1m[36m (11.1ms)[0m  [1mcommit transaction[0m
Migrating to AddReplyToToForemPosts (20160120151746)
  [1m[35m (0.1ms)[0m  begin transaction
  [1m[36m (0.3ms)[0m  [1mALTER TABLE "forem_posts" ADD "reply_to_id" integer[0m
  [1m[35mSQL (0.1ms)[0m  INSERT INTO "schema_migrations" ("version") VALUES (?)  [["version", "20160120151746"]]
  [1m[36m (12.6ms)[0m  [1mcommit transaction[0m
Migrating to AddLockedToForemTopics (20160120151747)
  [1m[35m (0.1ms)[0m  begin transaction
  [1m[36m (0.4ms)[0m  [1mALTER TABLE "forem_topics" ADD "locked" boolean DEFAULT 'f' NOT NULL[0m
  [1m[35mSQL (0.1ms)[0m  INSERT INTO "schema_migrations" ("version") VALUES (?)  [["version", "20160120151747"]]
  [1m[36m (11.1ms)[0m  [1mcommit transaction[0m
Migrating to AddPinnedToForemTopics (20160120151748)
  [1m[35m (0.1ms)[0m  begin transaction
  [1m[36m (0.4ms)[0m  [1mALTER TABLE "forem_topics" ADD "pinned" boolean DEFAULT 'f'[0m
  [1m[35mSQL (0.1ms)[0m  INSERT INTO "schema_migrations" ("version") VALUES (?)  [["version", "20160120151748"]]
  [1m[36m (11.1ms)[0m  [1mcommit transaction[0m
Migrating to AddForemViews (20160120151749)
  [1m[35m (0.1ms)[0m  begin transaction
  [1m[36m (0.3ms)[0m  [1mCREATE TABLE "forem_views" ("id" INTEGER PRIMARY KEY AUTOINCREMENT NOT NULL, "user_id" integer, "topic_id" integer, "created_at" datetime) [0m
  [1m[35mSQL (0.1ms)[0m  INSERT INTO "schema_migrations" ("version") VALUES (?)  [["version", "20160120151749"]]
  [1m[36m (11.4ms)[0m  [1mcommit transaction[0m
Migrating to AddUpdatedAtAndCountToForemViews (20160120151750)
  [1m[35m (0.1ms)[0m  begin transaction
  [1m[36m (0.3ms)[0m  [1mALTER TABLE "forem_views" ADD "updated_at" datetime[0m
  [1m[35m (0.2ms)[0m  ALTER TABLE "forem_views" ADD "count" integer DEFAULT 0
  [1m[36mSQL (0.1ms)[0m  [1mINSERT INTO "schema_migrations" ("version") VALUES (?)[0m  [["version", "20160120151750"]]
  [1m[35m (12.0ms)[0m  commit transaction
Migrating to AddHiddenToForemTopics (20160120151751)
  [1m[36m (0.1ms)[0m  [1mbegin transaction[0m
  [1m[35m (0.4ms)[0m  ALTER TABLE "forem_topics" ADD "hidden" boolean DEFAULT 'f'
  [1m[36mSQL (0.2ms)[0m  [1mINSERT INTO "schema_migrations" ("version") VALUES (?)[0m  [["version", "20160120151751"]]
  [1m[35m (11.5ms)[0m  commit transaction
Migrating to AddIndexesToTopicsPostsViews (20160120151752)
  [1m[36m (0.1ms)[0m  [1mbegin transaction[0m
  [1m[35m (0.3ms)[0m  CREATE  INDEX "index_forem_topics_on_forum_id" ON "forem_topics" ("forum_id")
  [1m[36m (0.1ms)[0m  [1m            SELECT sql
            FROM sqlite_master
            WHERE name='index_forem_topics_on_forum_id' AND type='index'
            UNION ALL
            SELECT sql
            FROM sqlite_temp_master
            WHERE name='index_forem_topics_on_forum_id' AND type='index'
[0m
  [1m[35m (0.2ms)[0m  CREATE  INDEX "index_forem_topics_on_user_id" ON "forem_topics" ("user_id")
  [1m[36m (0.2ms)[0m  [1mCREATE  INDEX "index_forem_posts_on_topic_id" ON "forem_posts" ("topic_id")[0m
  [1m[35m (0.1ms)[0m              SELECT sql
            FROM sqlite_master
            WHERE name='index_forem_posts_on_topic_id' AND type='index'
            UNION ALL
            SELECT sql
            FROM sqlite_temp_master
            WHERE name='index_forem_posts_on_topic_id' AND type='index'

  [1m[36m (0.2ms)[0m  [1mCREATE  INDEX "index_forem_posts_on_user_id" ON "forem_posts" ("user_id")[0m
  [1m[35m (0.1ms)[0m              SELECT sql
            FROM sqlite_master
            WHERE name='index_forem_posts_on_user_id' AND type='index'
            UNION ALL
            SELECT sql
            FROM sqlite_temp_master
            WHERE name='index_forem_posts_on_user_id' AND type='index'

  [1m[36m (0.1ms)[0m  [1m            SELECT sql
            FROM sqlite_master
            WHERE name='index_forem_posts_on_topic_id' AND type='index'
            UNION ALL
            SELECT sql
            FROM sqlite_temp_master
            WHERE name='index_forem_posts_on_topic_id' AND type='index'
[0m
  [1m[35m (0.2ms)[0m  CREATE  INDEX "index_forem_posts_on_reply_to_id" ON "forem_posts" ("reply_to_id")
  [1m[36m (0.2ms)[0m  [1mCREATE  INDEX "index_forem_views_on_user_id" ON "forem_views" ("user_id")[0m
  [1m[35m (0.1ms)[0m              SELECT sql
            FROM sqlite_master
            WHERE name='index_forem_views_on_user_id' AND type='index'
            UNION ALL
            SELECT sql
            FROM sqlite_temp_master
            WHERE name='index_forem_views_on_user_id' AND type='index'

  [1m[36m (0.2ms)[0m  [1mCREATE  INDEX "index_forem_views_on_topic_id" ON "forem_views" ("topic_id")[0m
  [1m[35m (0.1ms)[0m              SELECT sql
            FROM sqlite_master
            WHERE name='index_forem_views_on_topic_id' AND type='index'
            UNION ALL
            SELECT sql
            FROM sqlite_temp_master
            WHERE name='index_forem_views_on_topic_id' AND type='index'

  [1m[36m (0.1ms)[0m  [1m            SELECT sql
            FROM sqlite_master
            WHERE name='index_forem_views_on_user_id' AND type='index'
            UNION ALL
            SELECT sql
            FROM sqlite_temp_master
            WHERE name='index_forem_views_on_user_id' AND type='index'
[0m
  [1m[35m (0.2ms)[0m  CREATE  INDEX "index_forem_views_on_updated_at" ON "forem_views" ("updated_at")
  [1m[36mSQL (0.1ms)[0m  [1mINSERT INTO "schema_migrations" ("version") VALUES (?)[0m  [["version", "20160120151752"]]
  [1m[35m (13.0ms)[0m  commit transaction
Migrating to CreateForemCategories (20160120151753)
  [1m[36m (0.1ms)[0m  [1mbegin transaction[0m
  [1m[35m (0.3ms)[0m  CREATE TABLE "forem_categories" ("id" INTEGER PRIMARY KEY AUTOINCREMENT NOT NULL, "name" varchar NOT NULL, "created_at" datetime, "updated_at" datetime) 
  [1m[36mSQL (0.1ms)[0m  [1mINSERT INTO "schema_migrations" ("version") VALUES (?)[0m  [["version", "20160120151753"]]
  [1m[35m (11.0ms)[0m  commit transaction
Migrating to AddCategoryIdToForums (20160120151754)
  [1m[36m (0.8ms)[0m  [1mbegin transaction[0m
  [1m[35m (0.3ms)[0m  ALTER TABLE "forem_forums" ADD "category_id" integer
  [1m[36m (0.1ms)[0m  [1mSELECT COUNT(*) FROM "forem_forums"[0m
  [1m[35mSQL (0.2ms)[0m  INSERT INTO "schema_migrations" ("version") VALUES (?)  [["version", "20160120151754"]]
  [1m[36m (18.0ms)[0m  [1mcommit transaction[0m
Migrating to CreateForemSubscriptions (20160120151755)
  [1m[35m (0.1ms)[0m  begin transaction
  [1m[36m (0.4ms)[0m  [1mCREATE TABLE "forem_subscriptions" ("id" INTEGER PRIMARY KEY AUTOINCREMENT NOT NULL, "subscriber_id" integer, "topic_id" integer) [0m
  [1m[35mSQL (0.1ms)[0m  INSERT INTO "schema_migrations" ("version") VALUES (?)  [["version", "20160120151755"]]
  [1m[36m (17.7ms)[0m  [1mcommit transaction[0m
Migrating to AddPendingReviewToForemPosts (20160120151756)
  [1m[35m (0.1ms)[0m  begin transaction
  [1m[36m (0.4ms)[0m  [1mALTER TABLE "forem_posts" ADD "pending_review" boolean DEFAULT 't'[0m
  [1m[35mSQL (0.1ms)[0m  UPDATE "forem_posts" SET "pending_review" = 'f'
  [1m[36mSQL (0.1ms)[0m  [1mINSERT INTO "schema_migrations" ("version") VALUES (?)[0m  [["version", "20160120151756"]]
  [1m[35m (12.7ms)[0m  commit transaction
Migrating to AddPendingReviewToForemTopics (20160120151757)
  [1m[36m (0.1ms)[0m  [1mbegin transaction[0m
  [1m[35m (0.4ms)[0m  ALTER TABLE "forem_topics" ADD "pending_review" boolean DEFAULT 't'
  [1m[36mSQL (0.1ms)[0m  [1mUPDATE "forem_topics" SET "pending_review" = 'f'[0m
  [1m[35mSQL (0.1ms)[0m  INSERT INTO "schema_migrations" ("version") VALUES (?)  [["version", "20160120151757"]]
  [1m[36m (11.3ms)[0m  [1mcommit transaction[0m
Migrating to AddForemTopicsLastPostAt (20160120151758)
  [1m[35m (0.1ms)[0m  begin transaction
  [1m[36m (0.4ms)[0m  [1mALTER TABLE "forem_topics" ADD "last_post_at" datetime[0m
  [1m[35mForem::Topic Load (0.1ms)[0m  SELECT  "forem_topics".* FROM "forem_topics"  ORDER BY "forem_topics"."id" ASC LIMIT 1000
  [1m[36mSQL (0.1ms)[0m  [1mINSERT INTO "schema_migrations" ("version") VALUES (?)[0m  [["version", "20160120151758"]]
  [1m[35m (17.3ms)[0m  commit transaction
Migrating to CreateForemGroups (20160120151759)
  [1m[36m (0.1ms)[0m  [1mbegin transaction[0m
  [1m[35m (0.3ms)[0m  CREATE TABLE "forem_groups" ("id" INTEGER PRIMARY KEY AUTOINCREMENT NOT NULL, "name" varchar) 
  [1m[36m (0.2ms)[0m  [1mCREATE  INDEX "index_forem_groups_on_name" ON "forem_groups" ("name")[0m
  [1m[35mSQL (0.1ms)[0m  INSERT INTO "schema_migrations" ("version") VALUES (?)  [["version", "20160120151759"]]
  [1m[36m (12.1ms)[0m  [1mcommit transaction[0m
Migrating to CreateForemMemberships (20160120151760)
  [1m[35m (0.1ms)[0m  begin transaction
  [1m[36m (0.3ms)[0m  [1mCREATE TABLE "forem_memberships" ("id" INTEGER PRIMARY KEY AUTOINCREMENT NOT NULL, "group_id" integer, "member_id" integer) [0m
  [1m[35m (0.2ms)[0m  CREATE  INDEX "index_forem_memberships_on_group_id" ON "forem_memberships" ("group_id")
  [1m[36mSQL (0.1ms)[0m  [1mINSERT INTO "schema_migrations" ("version") VALUES (?)[0m  [["version", "20160120151760"]]
  [1m[35m (12.5ms)[0m  commit transaction
Migrating to CreateForemModeratorGroups (20160120151761)
  [1m[36m (0.1ms)[0m  [1mbegin transaction[0m
  [1m[35m (0.3ms)[0m  CREATE TABLE "forem_moderator_groups" ("id" INTEGER PRIMARY KEY AUTOINCREMENT NOT NULL, "forum_id" integer, "group_id" integer) 
  [1m[36m (0.3ms)[0m  [1mCREATE  INDEX "index_forem_moderator_groups_on_forum_id" ON "forem_moderator_groups" ("forum_id")[0m
  [1m[35mSQL (0.1ms)[0m  INSERT INTO "schema_migrations" ("version") VALUES (?)  [["version", "20160120151761"]]
  [1m[36m (12.1ms)[0m  [1mcommit transaction[0m
Migrating to RemovePendingReviewAddStateToForemPosts (20160120151762)
  [1m[35m (0.1ms)[0m  begin transaction
  [1m[36m (0.4ms)[0m  [1mCREATE TEMPORARY TABLE "aforem_posts" ("id" INTEGER PRIMARY KEY AUTOINCREMENT NOT NULL, "topic_id" integer, "text" text, "user_id" integer, "created_at" datetime, "updated_at" datetime, "reply_to_id" integer, "pending_review" boolean DEFAULT 't') [0m
  [1m[35m (0.1ms)[0m              SELECT sql
            FROM sqlite_master
            WHERE name='index_forem_posts_on_reply_to_id' AND type='index'
            UNION ALL
            SELECT sql
            FROM sqlite_temp_master
            WHERE name='index_forem_posts_on_reply_to_id' AND type='index'

  [1m[36m (0.1ms)[0m  [1m            SELECT sql
            FROM sqlite_master
            WHERE name='index_forem_posts_on_user_id' AND type='index'
            UNION ALL
            SELECT sql
            FROM sqlite_temp_master
            WHERE name='index_forem_posts_on_user_id' AND type='index'
[0m
  [1m[35m (0.1ms)[0m              SELECT sql
            FROM sqlite_master
            WHERE name='index_forem_posts_on_topic_id' AND type='index'
            UNION ALL
            SELECT sql
            FROM sqlite_temp_master
            WHERE name='index_forem_posts_on_topic_id' AND type='index'

  [1m[36m (0.2ms)[0m  [1mCREATE  INDEX "tindex_aforem_posts_on_reply_to_id" ON "aforem_posts" ("reply_to_id")[0m
  [1m[35m (0.2ms)[0m  CREATE  INDEX "tindex_aforem_posts_on_user_id" ON "aforem_posts" ("user_id")
  [1m[36m (0.2ms)[0m  [1mCREATE  INDEX "tindex_aforem_posts_on_topic_id" ON "aforem_posts" ("topic_id")[0m
  [1m[35m (0.1ms)[0m  SELECT * FROM "forem_posts"
  [1m[36m (0.3ms)[0m  [1mDROP TABLE "forem_posts"[0m
  [1m[35m (0.2ms)[0m  CREATE TABLE "forem_posts" ("id" INTEGER PRIMARY KEY AUTOINCREMENT NOT NULL, "topic_id" integer, "text" text, "user_id" integer, "created_at" datetime, "updated_at" datetime, "reply_to_id" integer) 
  [1m[36m (0.1ms)[0m  [1m            SELECT sql
            FROM sqlite_master
            WHERE name='tindex_aforem_posts_on_topic_id' AND type='index'
            UNION ALL
            SELECT sql
            FROM sqlite_temp_master
            WHERE name='tindex_aforem_posts_on_topic_id' AND type='index'
[0m
  [1m[35m (0.1ms)[0m              SELECT sql
            FROM sqlite_master
            WHERE name='tindex_aforem_posts_on_user_id' AND type='index'
            UNION ALL
            SELECT sql
            FROM sqlite_temp_master
            WHERE name='tindex_aforem_posts_on_user_id' AND type='index'

  [1m[36m (0.1ms)[0m  [1m            SELECT sql
            FROM sqlite_master
            WHERE name='tindex_aforem_posts_on_reply_to_id' AND type='index'
            UNION ALL
            SELECT sql
            FROM sqlite_temp_master
            WHERE name='tindex_aforem_posts_on_reply_to_id' AND type='index'
[0m
  [1m[35m (0.2ms)[0m  CREATE  INDEX "index_forem_posts_on_topic_id" ON "forem_posts" ("topic_id")
  [1m[36m (0.1ms)[0m  [1m            SELECT sql
            FROM sqlite_master
            WHERE name='index_forem_posts_on_topic_id' AND type='index'
            UNION ALL
            SELECT sql
            FROM sqlite_temp_master
            WHERE name='index_forem_posts_on_topic_id' AND type='index'
[0m
  [1m[35m (0.2ms)[0m  CREATE  INDEX "index_forem_posts_on_user_id" ON "forem_posts" ("user_id")
  [1m[36m (0.1ms)[0m  [1m            SELECT sql
            FROM sqlite_master
            WHERE name='index_forem_posts_on_user_id' AND type='index'
            UNION ALL
            SELECT sql
            FROM sqlite_temp_master
            WHERE name='index_forem_posts_on_user_id' AND type='index'
[0m
  [1m[35m (0.1ms)[0m              SELECT sql
            FROM sqlite_master
            WHERE name='index_forem_posts_on_topic_id' AND type='index'
            UNION ALL
            SELECT sql
            FROM sqlite_temp_master
            WHERE name='index_forem_posts_on_topic_id' AND type='index'

  [1m[36m (0.2ms)[0m  [1mCREATE  INDEX "index_forem_posts_on_reply_to_id" ON "forem_posts" ("reply_to_id")[0m
  [1m[35m (0.1ms)[0m  SELECT * FROM "aforem_posts"
  [1m[36m (0.3ms)[0m  [1mDROP TABLE "aforem_posts"[0m
  [1m[35m (0.3ms)[0m  ALTER TABLE "forem_posts" ADD "state" varchar DEFAULT 'pending_review'
  [1m[36m (0.1ms)[0m  [1m            SELECT sql
            FROM sqlite_master
            WHERE name='index_forem_posts_on_reply_to_id' AND type='index'
            UNION ALL
            SELECT sql
            FROM sqlite_temp_master
            WHERE name='index_forem_posts_on_reply_to_id' AND type='index'
[0m
  [1m[35m (0.1ms)[0m              SELECT sql
            FROM sqlite_master
            WHERE name='index_forem_posts_on_user_id' AND type='index'
            UNION ALL
            SELECT sql
            FROM sqlite_temp_master
            WHERE name='index_forem_posts_on_user_id' AND type='index'

  [1m[36m (0.1ms)[0m  [1m            SELECT sql
            FROM sqlite_master
            WHERE name='index_forem_posts_on_topic_id' AND type='index'
            UNION ALL
            SELECT sql
            FROM sqlite_temp_master
            WHERE name='index_forem_posts_on_topic_id' AND type='index'
[0m
  [1m[35m (0.2ms)[0m  CREATE  INDEX "index_forem_posts_on_state" ON "forem_posts" ("state")
  [1m[36mSQL (0.1ms)[0m  [1mINSERT INTO "schema_migrations" ("version") VALUES (?)[0m  [["version", "20160120151762"]]
  [1m[35m (23.7ms)[0m  commit transaction
Migrating to RemovePendingReviewFromForemTopicsAddState (20160120151763)
  [1m[36m (0.1ms)[0m  [1mbegin transaction[0m
  [1m[35m (0.4ms)[0m  CREATE TEMPORARY TABLE "aforem_topics" ("id" INTEGER PRIMARY KEY AUTOINCREMENT NOT NULL, "forum_id" integer, "user_id" integer, "subject" varchar, "created_at" datetime, "updated_at" datetime, "locked" boolean DEFAULT 'f' NOT NULL, "pinned" boolean DEFAULT 'f', "hidden" boolean DEFAULT 'f', "pending_review" boolean DEFAULT 't', "last_post_at" datetime) 
  [1m[36m (0.2ms)[0m  [1m            SELECT sql
            FROM sqlite_master
            WHERE name='index_forem_topics_on_user_id' AND type='index'
            UNION ALL
            SELECT sql
            FROM sqlite_temp_master
            WHERE name='index_forem_topics_on_user_id' AND type='index'
[0m
  [1m[35m (0.2ms)[0m              SELECT sql
            FROM sqlite_master
            WHERE name='index_forem_topics_on_forum_id' AND type='index'
            UNION ALL
            SELECT sql
            FROM sqlite_temp_master
            WHERE name='index_forem_topics_on_forum_id' AND type='index'

  [1m[36m (0.2ms)[0m  [1mCREATE  INDEX "tindex_aforem_topics_on_user_id" ON "aforem_topics" ("user_id")[0m
  [1m[35m (0.2ms)[0m  CREATE  INDEX "tindex_aforem_topics_on_forum_id" ON "aforem_topics" ("forum_id")
  [1m[36m (0.2ms)[0m  [1mSELECT * FROM "forem_topics"[0m
  [1m[35m (0.5ms)[0m  DROP TABLE "forem_topics"
  [1m[36m (0.4ms)[0m  [1mCREATE TABLE "forem_topics" ("id" INTEGER PRIMARY KEY AUTOINCREMENT NOT NULL, "forum_id" integer, "user_id" integer, "subject" varchar, "created_at" datetime, "updated_at" datetime, "locked" boolean DEFAULT 'f' NOT NULL, "pinned" boolean DEFAULT 'f', "hidden" boolean DEFAULT 'f', "last_post_at" datetime) [0m
  [1m[35m (0.2ms)[0m              SELECT sql
            FROM sqlite_master
            WHERE name='tindex_aforem_topics_on_forum_id' AND type='index'
            UNION ALL
            SELECT sql
            FROM sqlite_temp_master
            WHERE name='tindex_aforem_topics_on_forum_id' AND type='index'

  [1m[36m (0.2ms)[0m  [1m            SELECT sql
            FROM sqlite_master
            WHERE name='tindex_aforem_topics_on_user_id' AND type='index'
            UNION ALL
            SELECT sql
            FROM sqlite_temp_master
            WHERE name='tindex_aforem_topics_on_user_id' AND type='index'
[0m
  [1m[35m (0.3ms)[0m  CREATE  INDEX "index_forem_topics_on_forum_id" ON "forem_topics" ("forum_id")
  [1m[36m (0.2ms)[0m  [1m            SELECT sql
            FROM sqlite_master
            WHERE name='index_forem_topics_on_forum_id' AND type='index'
            UNION ALL
            SELECT sql
            FROM sqlite_temp_master
            WHERE name='index_forem_topics_on_forum_id' AND type='index'
[0m
  [1m[35m (0.3ms)[0m  CREATE  INDEX "index_forem_topics_on_user_id" ON "forem_topics" ("user_id")
  [1m[36m (0.2ms)[0m  [1mSELECT * FROM "aforem_topics"[0m
  [1m[35m (0.3ms)[0m  DROP TABLE "aforem_topics"
  [1m[36m (0.4ms)[0m  [1mALTER TABLE "forem_topics" ADD "state" varchar DEFAULT 'pending_review'[0m
  [1m[35m (0.2ms)[0m              SELECT sql
            FROM sqlite_master
            WHERE name='index_forem_topics_on_user_id' AND type='index'
            UNION ALL
            SELECT sql
            FROM sqlite_temp_master
            WHERE name='index_forem_topics_on_user_id' AND type='index'

  [1m[36m (0.2ms)[0m  [1m            SELECT sql
            FROM sqlite_master
            WHERE name='index_forem_topics_on_forum_id' AND type='index'
            UNION ALL
            SELECT sql
            FROM sqlite_temp_master
            WHERE name='index_forem_topics_on_forum_id' AND type='index'
[0m
  [1m[35m (0.3ms)[0m  CREATE  INDEX "index_forem_topics_on_state" ON "forem_topics" ("state")
  [1m[36mSQL (0.2ms)[0m  [1mINSERT INTO "schema_migrations" ("version") VALUES (?)[0m  [["version", "20160120151763"]]
  [1m[35m (17.1ms)[0m  commit transaction
Migrating to ApproveAllTopicsAndPosts (20160120151764)
  [1m[36m (0.1ms)[0m  [1mbegin transaction[0m
  [1m[35mSQL (0.2ms)[0m  UPDATE "forem_topics" SET "state" = 'approved'
  [1m[36mSQL (0.1ms)[0m  [1mUPDATE "forem_posts" SET "state" = 'approved'[0m
  [1m[35mSQL (0.2ms)[0m  INSERT INTO "schema_migrations" ("version") VALUES (?)  [["version", "20160120151764"]]
  [1m[36m (11.7ms)[0m  [1mcommit transaction[0m
Migrating to AddNotifiedToForemPosts (20160120151765)
  [1m[35m (0.1ms)[0m  begin transaction
  [1m[36m (0.5ms)[0m  [1mALTER TABLE "forem_posts" ADD "notified" boolean DEFAULT 'f'[0m
  [1m[35mSQL (0.1ms)[0m  INSERT INTO "schema_migrations" ("version") VALUES (?)  [["version", "20160120151765"]]
  [1m[36m (12.2ms)[0m  [1mcommit transaction[0m
Migrating to MakeForemViewsPolymorphic (20160120151766)
  [1m[35m (0.1ms)[0m  begin transaction
  [1m[36m (0.3ms)[0m  [1mCREATE TEMPORARY TABLE "aforem_views" ("id" INTEGER PRIMARY KEY AUTOINCREMENT NOT NULL, "user_id" integer, "viewable_id" integer, "created_at" datetime, "updated_at" datetime, "count" integer DEFAULT 0) [0m
  [1m[35m (0.1ms)[0m              SELECT sql
            FROM sqlite_master
            WHERE name='index_forem_views_on_updated_at' AND type='index'
            UNION ALL
            SELECT sql
            FROM sqlite_temp_master
            WHERE name='index_forem_views_on_updated_at' AND type='index'

  [1m[36m (0.1ms)[0m  [1m            SELECT sql
            FROM sqlite_master
            WHERE name='index_forem_views_on_topic_id' AND type='index'
            UNION ALL
            SELECT sql
            FROM sqlite_temp_master
            WHERE name='index_forem_views_on_topic_id' AND type='index'
[0m
  [1m[35m (0.1ms)[0m              SELECT sql
            FROM sqlite_master
            WHERE name='index_forem_views_on_user_id' AND type='index'
            UNION ALL
            SELECT sql
            FROM sqlite_temp_master
            WHERE name='index_forem_views_on_user_id' AND type='index'

  [1m[36m (0.2ms)[0m  [1mCREATE  INDEX "tindex_aforem_views_on_updated_at" ON "aforem_views" ("updated_at")[0m
  [1m[35m (0.2ms)[0m  CREATE  INDEX "tindex_aforem_views_on_topic_id" ON "aforem_views" ("viewable_id")
  [1m[36m (0.2ms)[0m  [1mCREATE  INDEX "tindex_aforem_views_on_user_id" ON "aforem_views" ("user_id")[0m
  [1m[35m (0.1ms)[0m  SELECT * FROM "forem_views"
  [1m[36m (0.3ms)[0m  [1mDROP TABLE "forem_views"[0m
  [1m[35m (0.2ms)[0m  CREATE TABLE "forem_views" ("id" INTEGER PRIMARY KEY AUTOINCREMENT NOT NULL, "user_id" integer, "viewable_id" integer, "created_at" datetime, "updated_at" datetime, "count" integer DEFAULT 0) 
  [1m[36m (0.1ms)[0m  [1m            SELECT sql
            FROM sqlite_master
            WHERE name='tindex_aforem_views_on_user_id' AND type='index'
            UNION ALL
            SELECT sql
            FROM sqlite_temp_master
            WHERE name='tindex_aforem_views_on_user_id' AND type='index'
[0m
  [1m[35m (0.1ms)[0m              SELECT sql
            FROM sqlite_master
            WHERE name='tindex_aforem_views_on_topic_id' AND type='index'
            UNION ALL
            SELECT sql
            FROM sqlite_temp_master
            WHERE name='tindex_aforem_views_on_topic_id' AND type='index'

  [1m[36m (0.1ms)[0m  [1m            SELECT sql
            FROM sqlite_master
            WHERE name='tindex_aforem_views_on_updated_at' AND type='index'
            UNION ALL
            SELECT sql
            FROM sqlite_temp_master
            WHERE name='tindex_aforem_views_on_updated_at' AND type='index'
[0m
  [1m[35m (0.2ms)[0m  CREATE  INDEX "index_forem_views_on_user_id" ON "forem_views" ("user_id")
  [1m[36m (0.1ms)[0m  [1m            SELECT sql
            FROM sqlite_master
            WHERE name='index_forem_views_on_user_id' AND type='index'
            UNION ALL
            SELECT sql
            FROM sqlite_temp_master
            WHERE name='index_forem_views_on_user_id' AND type='index'
[0m
  [1m[35m (0.2ms)[0m  CREATE  INDEX "index_forem_views_on_topic_id" ON "forem_views" ("viewable_id")
  [1m[36m (0.1ms)[0m  [1m            SELECT sql
            FROM sqlite_master
            WHERE name='index_forem_views_on_topic_id' AND type='index'
            UNION ALL
            SELECT sql
            FROM sqlite_temp_master
            WHERE name='index_forem_views_on_topic_id' AND type='index'
[0m
  [1m[35m (0.1ms)[0m              SELECT sql
            FROM sqlite_master
            WHERE name='index_forem_views_on_user_id' AND type='index'
            UNION ALL
            SELECT sql
            FROM sqlite_temp_master
            WHERE name='index_forem_views_on_user_id' AND type='index'

  [1m[36m (0.2ms)[0m  [1mCREATE  INDEX "index_forem_views_on_updated_at" ON "forem_views" ("updated_at")[0m
  [1m[35m (0.1ms)[0m  SELECT * FROM "aforem_views"
  [1m[36m (0.2ms)[0m  [1mDROP TABLE "aforem_views"[0m
  [1m[35m (0.1ms)[0m              SELECT sql
            FROM sqlite_master
            WHERE name='index_forem_views_on_updated_at' AND type='index'
            UNION ALL
            SELECT sql
            FROM sqlite_temp_master
            WHERE name='index_forem_views_on_updated_at' AND type='index'

  [1m[36m (0.1ms)[0m  [1m            SELECT sql
            FROM sqlite_master
            WHERE name='index_forem_views_on_topic_id' AND type='index'
            UNION ALL
            SELECT sql
            FROM sqlite_temp_master
            WHERE name='index_forem_views_on_topic_id' AND type='index'
[0m
  [1m[35m (0.1ms)[0m              SELECT sql
            FROM sqlite_master
            WHERE name='index_forem_views_on_user_id' AND type='index'
            UNION ALL
            SELECT sql
            FROM sqlite_temp_master
            WHERE name='index_forem_views_on_user_id' AND type='index'

  [1m[36m (0.1ms)[0m  [1m            SELECT sql
            FROM sqlite_master
            WHERE name='index_forem_views_on_updated_at' AND type='index'
            UNION ALL
            SELECT sql
            FROM sqlite_temp_master
            WHERE name='index_forem_views_on_updated_at' AND type='index'
[0m
  [1m[35m (0.1ms)[0m              SELECT sql
            FROM sqlite_master
            WHERE name='index_forem_views_on_topic_id' AND type='index'
            UNION ALL
            SELECT sql
            FROM sqlite_temp_master
            WHERE name='index_forem_views_on_topic_id' AND type='index'

  [1m[36m (0.1ms)[0m  [1m            SELECT sql
            FROM sqlite_master
            WHERE name='index_forem_views_on_user_id' AND type='index'
            UNION ALL
            SELECT sql
            FROM sqlite_temp_master
            WHERE name='index_forem_views_on_user_id' AND type='index'
[0m
  [1m[35m (0.1ms)[0m              SELECT sql
            FROM sqlite_master
            WHERE name='index_forem_views_on_updated_at' AND type='index'
            UNION ALL
            SELECT sql
            FROM sqlite_temp_master
            WHERE name='index_forem_views_on_updated_at' AND type='index'

  [1m[36m (0.1ms)[0m  [1m            SELECT sql
            FROM sqlite_master
            WHERE name='index_forem_views_on_topic_id' AND type='index'
            UNION ALL
            SELECT sql
            FROM sqlite_temp_master
            WHERE name='index_forem_views_on_topic_id' AND type='index'
[0m
  [1m[35m (0.1ms)[0m              SELECT sql
            FROM sqlite_master
            WHERE name='index_forem_views_on_user_id' AND type='index'
            UNION ALL
            SELECT sql
            FROM sqlite_temp_master
            WHERE name='index_forem_views_on_user_id' AND type='index'

  [1m[36m (0.2ms)[0m  [1mCREATE  INDEX "index_forem_views_on_viewable_id" ON "forem_views" ("viewable_id")[0m
  [1m[35m (0.1ms)[0m              SELECT sql
            FROM sqlite_master
            WHERE name='index_forem_views_on_viewable_id' AND type='index'
            UNION ALL
            SELECT sql
            FROM sqlite_temp_master
            WHERE name='index_forem_views_on_viewable_id' AND type='index'

  [1m[36m (0.1ms)[0m  [1m            SELECT sql
            FROM sqlite_master
            WHERE name='index_forem_views_on_updated_at' AND type='index'
            UNION ALL
            SELECT sql
            FROM sqlite_temp_master
            WHERE name='index_forem_views_on_updated_at' AND type='index'
[0m
  [1m[35m (0.1ms)[0m              SELECT sql
            FROM sqlite_master
            WHERE name='index_forem_views_on_topic_id' AND type='index'
            UNION ALL
            SELECT sql
            FROM sqlite_temp_master
            WHERE name='index_forem_views_on_topic_id' AND type='index'

  [1m[36m (0.1ms)[0m  [1m            SELECT sql
            FROM sqlite_master
            WHERE name='index_forem_views_on_user_id' AND type='index'
            UNION ALL
            SELECT sql
            FROM sqlite_temp_master
            WHERE name='index_forem_views_on_user_id' AND type='index'
[0m
  [1m[35m (0.4ms)[0m  DROP INDEX "index_forem_views_on_topic_id"
  [1m[36m (0.3ms)[0m  [1mALTER TABLE "forem_views" ADD "viewable_type" varchar[0m
  [1m[35mSQL (0.1ms)[0m  UPDATE "forem_views" SET viewable_type='Forem::Topic'
  [1m[36mSQL (0.1ms)[0m  [1mINSERT INTO "schema_migrations" ("version") VALUES (?)[0m  [["version", "20160120151766"]]
  [1m[35m (12.2ms)[0m  commit transaction
Migrating to AddForemViewFields (20160120151767)
  [1m[36m (0.1ms)[0m  [1mbegin transaction[0m
  [1m[35m (0.4ms)[0m  ALTER TABLE "forem_views" ADD "current_viewed_at" datetime
  [1m[36m (0.3ms)[0m  [1mALTER TABLE "forem_views" ADD "past_viewed_at" datetime[0m
  [1m[35m (0.3ms)[0m  ALTER TABLE "forem_topics" ADD "views_count" integer DEFAULT 0
  [1m[36m (0.2ms)[0m  [1mALTER TABLE "forem_forums" ADD "views_count" integer DEFAULT 0[0m
  [1m[35mForem::Topic Load (0.1ms)[0m  SELECT  "forem_topics".* FROM "forem_topics"  ORDER BY "forem_topics"."id" ASC LIMIT 1000
Scoped order and limit are ignored, it's forced to be batch order and batch size
  [1m[36mForem::Forum Load (0.1ms)[0m  [1mSELECT  "forem_forums".* FROM "forem_forums"  ORDER BY "forem_forums"."id" ASC LIMIT 1000[0m
  [1m[35mSQL (0.1ms)[0m  INSERT INTO "schema_migrations" ("version") VALUES (?)  [["version", "20160120151767"]]
  [1m[36m (11.6ms)[0m  [1mcommit transaction[0m
Migrating to AddForemAdmin (20160120151768)
  [1m[35m (0.1ms)[0m  begin transaction
  [1m[36m (0.4ms)[0m  [1mALTER TABLE "users" ADD "forem_admin" boolean DEFAULT 'f'[0m
  [1m[35mSQL (0.1ms)[0m  INSERT INTO "schema_migrations" ("version") VALUES (?)  [["version", "20160120151768"]]
  [1m[36m (12.3ms)[0m  [1mcommit transaction[0m
Migrating to AddForemState (20160120151769)
  [1m[35m (0.1ms)[0m  begin transaction
  [1m[36m (0.4ms)[0m  [1mALTER TABLE "users" ADD "forem_state" varchar DEFAULT 'pending_review'[0m
  [1m[35mSQL (0.1ms)[0m  INSERT INTO "schema_migrations" ("version") VALUES (?)  [["version", "20160120151769"]]
  [1m[36m (17.7ms)[0m  [1mcommit transaction[0m
Migrating to AddForemAutoSubscribe (20160120151770)
  [1m[35m (0.1ms)[0m  begin transaction
  [1m[36m (0.4ms)[0m  [1mALTER TABLE "users" ADD "forem_auto_subscribe" boolean DEFAULT 'f'[0m
  [1m[35mSQL (0.1ms)[0m  INSERT INTO "schema_migrations" ("version") VALUES (?)  [["version", "20160120151770"]]
  [1m[36m (10.9ms)[0m  [1mcommit transaction[0m
Migrating to AddFriendlyIdSlugs (20160120151771)
  [1m[35m (0.1ms)[0m  begin transaction
  [1m[36m (0.3ms)[0m  [1mALTER TABLE "forem_forums" ADD "slug" varchar[0m
  [1m[35m (0.3ms)[0m  CREATE UNIQUE INDEX "index_forem_forums_on_slug" ON "forem_forums" ("slug")
Scoped order and limit are ignored, it's forced to be batch order and batch size
  [1m[36mForem::Forum Load (0.1ms)[0m  [1mSELECT  "forem_forums".* FROM "forem_forums"  ORDER BY "forem_forums"."id" ASC LIMIT 1000[0m
  [1m[35m (0.2ms)[0m  ALTER TABLE "forem_categories" ADD "slug" varchar
  [1m[36m (0.2ms)[0m  [1mCREATE UNIQUE INDEX "index_forem_categories_on_slug" ON "forem_categories" ("slug")[0m
  [1m[35mForem::Category Load (0.1ms)[0m  SELECT  "forem_categories".* FROM "forem_categories"  ORDER BY "forem_categories"."id" ASC LIMIT 1000
  [1m[36m (0.3ms)[0m  [1mALTER TABLE "forem_topics" ADD "slug" varchar[0m
  [1m[35m (0.1ms)[0m              SELECT sql
            FROM sqlite_master
            WHERE name='index_forem_topics_on_state' AND type='index'
            UNION ALL
            SELECT sql
            FROM sqlite_temp_master
            WHERE name='index_forem_topics_on_state' AND type='index'

  [1m[36m (0.1ms)[0m  [1m            SELECT sql
            FROM sqlite_master
            WHERE name='index_forem_topics_on_user_id' AND type='index'
            UNION ALL
            SELECT sql
            FROM sqlite_temp_master
            WHERE name='index_forem_topics_on_user_id' AND type='index'
[0m
  [1m[35m (0.1ms)[0m              SELECT sql
            FROM sqlite_master
            WHERE name='index_forem_topics_on_forum_id' AND type='index'
            UNION ALL
            SELECT sql
            FROM sqlite_temp_master
            WHERE name='index_forem_topics_on_forum_id' AND type='index'

  [1m[36m (0.2ms)[0m  [1mCREATE UNIQUE INDEX "index_forem_topics_on_slug" ON "forem_topics" ("slug")[0m
  [1m[35mForem::Topic Load (0.2ms)[0m  SELECT  "forem_topics".* FROM "forem_topics"  ORDER BY "forem_topics"."id" ASC LIMIT 1000
  [1m[36mSQL (0.2ms)[0m  [1mINSERT INTO "schema_migrations" ("version") VALUES (?)[0m  [["version", "20160120151771"]]
  [1m[35m (19.2ms)[0m  commit transaction
Migrating to RenameTitleToNameOnForemForums (20160120151772)
  [1m[36m (0.1ms)[0m  [1mbegin transaction[0m
  [1m[35m (0.2ms)[0m  CREATE TEMPORARY TABLE "aforem_forums" ("id" INTEGER PRIMARY KEY AUTOINCREMENT NOT NULL, "name" varchar, "description" text, "category_id" integer, "views_count" integer DEFAULT 0, "slug" varchar) 
  [1m[36m (0.1ms)[0m  [1m            SELECT sql
            FROM sqlite_master
            WHERE name='index_forem_forums_on_slug' AND type='index'
            UNION ALL
            SELECT sql
            FROM sqlite_temp_master
            WHERE name='index_forem_forums_on_slug' AND type='index'
[0m
  [1m[35m (0.2ms)[0m  CREATE UNIQUE INDEX "tindex_aforem_forums_on_slug" ON "aforem_forums" ("slug")
  [1m[36m (0.1ms)[0m  [1mSELECT * FROM "forem_forums"[0m
  [1m[35m (0.3ms)[0m  DROP TABLE "forem_forums"
  [1m[36m (0.2ms)[0m  [1mCREATE TABLE "forem_forums" ("id" INTEGER PRIMARY KEY AUTOINCREMENT NOT NULL, "name" varchar, "description" text, "category_id" integer, "views_count" integer DEFAULT 0, "slug" varchar) [0m
  [1m[35m (0.1ms)[0m              SELECT sql
            FROM sqlite_master
            WHERE name='tindex_aforem_forums_on_slug' AND type='index'
            UNION ALL
            SELECT sql
            FROM sqlite_temp_master
            WHERE name='tindex_aforem_forums_on_slug' AND type='index'

  [1m[36m (0.3ms)[0m  [1mCREATE UNIQUE INDEX "index_forem_forums_on_slug" ON "forem_forums" ("slug")[0m
  [1m[35m (0.1ms)[0m  SELECT * FROM "aforem_forums"
  [1m[36m (0.3ms)[0m  [1mDROP TABLE "aforem_forums"[0m
  [1m[35m (0.1ms)[0m              SELECT sql
            FROM sqlite_master
            WHERE name='index_forem_forums_on_slug' AND type='index'
            UNION ALL
            SELECT sql
            FROM sqlite_temp_master
            WHERE name='index_forem_forums_on_slug' AND type='index'

  [1m[36mSQL (0.1ms)[0m  [1mINSERT INTO "schema_migrations" ("version") VALUES (?)[0m  [["version", "20160120151772"]]
  [1m[35m (11.4ms)[0m  commit transaction
Migrating to AddPositionToCategories (20160120151773)
  [1m[36m (0.1ms)[0m  [1mbegin transaction[0m
  [1m[35m (0.4ms)[0m  ALTER TABLE "forem_categories" ADD "position" integer DEFAULT 0
  [1m[36mSQL (0.1ms)[0m  [1mINSERT INTO "schema_migrations" ("version") VALUES (?)[0m  [["version", "20160120151773"]]
  [1m[35m (11.9ms)[0m  commit transaction
Migrating to AddPositionToForums (20160120151774)
  [1m[36m (0.1ms)[0m  [1mbegin transaction[0m
  [1m[35m (0.4ms)[0m  ALTER TABLE "forem_forums" ADD "position" integer DEFAULT 0
  [1m[36mSQL (0.1ms)[0m  [1mINSERT INTO "schema_migrations" ("version") VALUES (?)[0m  [["version", "20160120151774"]]
  [1m[35m (21.1ms)[0m  commit transaction
  [1m[36mActiveRecord::SchemaMigration Load (0.2ms)[0m  [1mSELECT "schema_migrations".* FROM "schema_migrations"[0m
  [1m[35m (0.1ms)[0m              SELECT sql
            FROM sqlite_master
            WHERE name='index_forem_categories_on_slug' AND type='index'
            UNION ALL
            SELECT sql
            FROM sqlite_temp_master
            WHERE name='index_forem_categories_on_slug' AND type='index'

  [1m[36m (0.1ms)[0m  [1m            SELECT sql
            FROM sqlite_master
            WHERE name='index_forem_forums_on_slug' AND type='index'
            UNION ALL
            SELECT sql
            FROM sqlite_temp_master
            WHERE name='index_forem_forums_on_slug' AND type='index'
[0m
  [1m[35m (0.1ms)[0m              SELECT sql
            FROM sqlite_master
            WHERE name='index_forem_groups_on_name' AND type='index'
            UNION ALL
            SELECT sql
            FROM sqlite_temp_master
            WHERE name='index_forem_groups_on_name' AND type='index'

  [1m[36m (0.1ms)[0m  [1m            SELECT sql
            FROM sqlite_master
            WHERE name='index_forem_memberships_on_group_id' AND type='index'
            UNION ALL
            SELECT sql
            FROM sqlite_temp_master
            WHERE name='index_forem_memberships_on_group_id' AND type='index'
[0m
  [1m[35m (0.1ms)[0m              SELECT sql
            FROM sqlite_master
            WHERE name='index_forem_moderator_groups_on_forum_id' AND type='index'
            UNION ALL
            SELECT sql
            FROM sqlite_temp_master
            WHERE name='index_forem_moderator_groups_on_forum_id' AND type='index'

  [1m[36m (0.1ms)[0m  [1m            SELECT sql
            FROM sqlite_master
            WHERE name='index_forem_posts_on_state' AND type='index'
            UNION ALL
            SELECT sql
            FROM sqlite_temp_master
            WHERE name='index_forem_posts_on_state' AND type='index'
[0m
  [1m[35m (0.1ms)[0m              SELECT sql
            FROM sqlite_master
            WHERE name='index_forem_posts_on_reply_to_id' AND type='index'
            UNION ALL
            SELECT sql
            FROM sqlite_temp_master
            WHERE name='index_forem_posts_on_reply_to_id' AND type='index'

  [1m[36m (0.1ms)[0m  [1m            SELECT sql
            FROM sqlite_master
            WHERE name='index_forem_posts_on_user_id' AND type='index'
            UNION ALL
            SELECT sql
            FROM sqlite_temp_master
            WHERE name='index_forem_posts_on_user_id' AND type='index'
[0m
  [1m[35m (0.1ms)[0m              SELECT sql
            FROM sqlite_master
            WHERE name='index_forem_posts_on_topic_id' AND type='index'
            UNION ALL
            SELECT sql
            FROM sqlite_temp_master
            WHERE name='index_forem_posts_on_topic_id' AND type='index'

  [1m[36m (0.1ms)[0m  [1m            SELECT sql
            FROM sqlite_master
            WHERE name='index_forem_topics_on_slug' AND type='index'
            UNION ALL
            SELECT sql
            FROM sqlite_temp_master
            WHERE name='index_forem_topics_on_slug' AND type='index'
[0m
  [1m[35m (0.1ms)[0m              SELECT sql
            FROM sqlite_master
            WHERE name='index_forem_topics_on_state' AND type='index'
            UNION ALL
            SELECT sql
            FROM sqlite_temp_master
            WHERE name='index_forem_topics_on_state' AND type='index'

  [1m[36m (0.1ms)[0m  [1m            SELECT sql
            FROM sqlite_master
            WHERE name='index_forem_topics_on_user_id' AND type='index'
            UNION ALL
            SELECT sql
            FROM sqlite_temp_master
            WHERE name='index_forem_topics_on_user_id' AND type='index'
[0m
  [1m[35m (0.1ms)[0m              SELECT sql
            FROM sqlite_master
            WHERE name='index_forem_topics_on_forum_id' AND type='index'
            UNION ALL
            SELECT sql
            FROM sqlite_temp_master
            WHERE name='index_forem_topics_on_forum_id' AND type='index'

  [1m[36m (0.1ms)[0m  [1m            SELECT sql
            FROM sqlite_master
            WHERE name='index_forem_views_on_viewable_id' AND type='index'
            UNION ALL
            SELECT sql
            FROM sqlite_temp_master
            WHERE name='index_forem_views_on_viewable_id' AND type='index'
[0m
  [1m[35m (0.1ms)[0m              SELECT sql
            FROM sqlite_master
            WHERE name='index_forem_views_on_updated_at' AND type='index'
            UNION ALL
            SELECT sql
            FROM sqlite_temp_master
            WHERE name='index_forem_views_on_updated_at' AND type='index'

  [1m[36m (0.1ms)[0m  [1m            SELECT sql
            FROM sqlite_master
            WHERE name='index_forem_views_on_user_id' AND type='index'
            UNION ALL
            SELECT sql
            FROM sqlite_temp_master
            WHERE name='index_forem_views_on_user_id' AND type='index'
[0m
  [1m[35m (0.1ms)[0m              SELECT sql
            FROM sqlite_master
            WHERE name='index_users_on_reset_password_token' AND type='index'
            UNION ALL
            SELECT sql
            FROM sqlite_temp_master
            WHERE name='index_users_on_reset_password_token' AND type='index'

  [1m[36m (0.1ms)[0m  [1m            SELECT sql
            FROM sqlite_master
            WHERE name='index_users_on_email' AND type='index'
            UNION ALL
            SELECT sql
            FROM sqlite_temp_master
            WHERE name='index_users_on_email' AND type='index'
[0m
  [1m[36m (0.1ms)[0m  [1mbegin transaction[0m
  [1m[35mForem::Category Exists (0.3ms)[0m  SELECT  1 AS one FROM "forem_categories" WHERE ("forem_categories"."id" IS NOT NULL) AND "forem_categories"."slug" = ? LIMIT 1  [["slug", "general"]]
  [1m[36mSQL (0.3ms)[0m  [1mINSERT INTO "forem_categories" ("name", "slug", "created_at", "updated_at") VALUES (?, ?, ?, ?)[0m  [["name", "General"], ["slug", "general"], ["created_at", "2016-01-20 15:17:58.297872"], ["updated_at", "2016-01-20 15:17:58.297872"]]
  [1m[35m (12.8ms)[0m  commit transaction
  [1m[36mUser Load (0.2ms)[0m  [1mSELECT  "users".* FROM "users"  ORDER BY "users"."id" ASC LIMIT 1[0m


Started GET "/" for 127.0.0.1 at 2016-01-21 02:24:43 +1100
  [1m[36mActiveRecord::SchemaMigration Load (0.1ms)[0m  [1mSELECT "schema_migrations".* FROM "schema_migrations"[0m
Processing by Rails::WelcomeController#index as HTML
  Rendered /home/benjamin/.rvm/gems/ruby-2.2.1/gems/railties-4.2.5/lib/rails/templates/rails/welcome/index.html.erb (0.0ms)
Completed 200 OK in 1ms (Views: 0.7ms | ActiveRecord: 0.0ms)
